app/build/outputs/mapping/release/seeds.txt
com.brouken.player.CustomStyledPlayerView
com.brouken.player.PlayerActivity: PlayerActivity()
com.brouken.player.PlayerActivity
com.brouken.player.CustomStyledPlayerView$Orientation: com.brouken.player.CustomStyledPlayerView$Orientation valueOf(java.lang.String)
com.brouken.player.CustomStyledPlayerView$Orientation: com.brouken.player.CustomStyledPlayerView$Orientation[] values()
com.brouken.player.CustomStyledPlayerView: android.view.View[] getAdOverlayViews()
com.brouken.player.CustomStyledPlayerView: CustomStyledPlayerView(android.content.Context,android.util.AttributeSet)
com.brouken.player.Utils$Orientation: com.brouken.player.Utils$Orientation valueOf(java.lang.String)
com.brouken.player.Utils$Orientation: com.brouken.player.Utils$Orientation[] values()
...
com.google.android.material.chip.Chip: void setShowMotionSpec(com.google.android.material.animation.MotionSpec)
com.google.android.material.textfield.TextInputEditText
com.google.android.material.textfield.TextInputLayout: void setStartIconVisible(boolean)
android.support.v4.media.MediaBrowserCompat$CustomActionResultReceiver
androidx.appcompat.widget.AppCompatSpinner: void setPrompt(java.lang.CharSequence)
com.google.android.material.button.MaterialButton: void setIcon(android.graphics.drawable.Drawable)
com.google.android.material.floatingactionbutton.FloatingActionButton: void setBackgroundTintMode(android.graphics.PorterDuff$Mode)
com.google.android.material.card.MaterialCardView: void setBackgroundDrawable(android.graphics.drawable.Drawable)
androidx.appcompat.app.AlertDialog$Builder: androidx.appcompat.app.AlertDialog create()
com.google.android.exoplayer2.ui.DefaultTimeBar: void setPosition(long)
com.google.android.material.chip.Chip: void setChipEndPadding(float)
com.google.android.exoplayer2.ui.SubtitleView: com.google.android.exoplayer2.text.CaptionStyleCompat getUserCaptionStyle()
androidx.media.AudioAttributesImplBaseParcelizer: androidx.media.AudioAttributesImplBase read(androidx.versionedparcelable.VersionedParcel)
com.google.android.material.appbar.AppBarLayout: android.graphics.drawable.Drawable getStatusBarForeground()
com.google.android.material.bottomappbar.BottomAppBar: void setBackgroundTint(android.content.res.ColorStateList)
androidx.appcompat.widget.ActionBarContextView
androidx.cardview.widget.CardView: void setMaxCardElevation(float)
androidx.appcompat.view.menu.ActionMenuItemView
androidx.appcompat.widget.SearchView: void setQueryHint(java.lang.CharSequence)
com.google.android.exoplayer2.ui.PlayerView: void setRewindIncrementMs(int)
com.google.android.material.internal.ForegroundLinearLayout: ForegroundLinearLayout(android.content.Context,android.util.AttributeSet)
androidx.core.graphics.drawable.IconCompatParcelizer: IconCompatParcelizer()
androidx.appcompat.widget.AppCompatImageButton
com.google.android.material.appbar.AppBarLayout$ScrollingViewBehavior
androidx.appcompat.widget.AppCompatTextView: void setTextClassifier(android.view.textclassifier.TextClassifier)
com.google.android.exoplayer2.ui.PlayerView: void setUseSensorRotation(boolean)
com.google.android.material.button.MaterialButton: void setIconResource(int)
androidx.appcompat.widget.AppCompatSpinner: android.graphics.drawable.Drawable getPopupBackground()
com.google.android.exoplayer2.ui.StyledPlayerView: android.view.ViewGroup getAdViewGroup()
com.google.android.material.circularreveal.CircularRevealFrameLayout: int getCircularRevealScrimColor()
com.google.android.material.chip.Chip: java.lang.CharSequence getChipText()
com.google.android.exoplayer2.video.VideoDecoderOutputBuffer: java.nio.ByteBuffer data
androidx.appcompat.widget.AppCompatTextView: void setTextMetricsParamsCompat(androidx.core.text.PrecomputedTextCompat$Params)
androidx.coordinatorlayout.widget.CoordinatorLayout: androidx.core.view.WindowInsetsCompat getLastWindowInsets()
com.google.android.exoplayer2.decoder.Buffer: boolean getFlag(int)
com.google.android.exoplayer2.ui.PlayerControlView
com.google.android.material.radiobutton.MaterialRadioButton: android.content.res.ColorStateList getMaterialThemeColorsTintList()
com.google.android.material.textfield.TextInputLayout: void setStartIconTintList(android.content.res.ColorStateList)
androidx.vectordrawable.graphics.drawable.VectorDrawableCompat$VGroup: void setTranslateX(float)
com.google.android.exoplayer2.decoder.Buffer: boolean isKeyFrame()
com.google.android.material.floatingactionbutton.ExtendedFloatingActionButton$ExtendedFloatingActionButtonBehavior: ExtendedFloatingActionButton$ExtendedFloatingActionButtonBehavior()
androidx.appcompat.view.menu.ExpandedMenuView: ExpandedMenuView(android.content.Context,android.util.AttributeSet)
com.google.android.exoplayer2.ui.StyledPlayerView: void setShowVrButton(boolean)