app/build/outputs/mapping/release/mapping.txt
# compiler: R8
# compiler_version: 2.1.75
# min_api: 21
# pg_map_id: 3c486e0
# common_typos_disable
com.brouken.player.-$$Lambda$CustomStyledPlayerView$L-hZn1I8WGZrDDSOIO-1dcezO4c -> com.brouken.player.a:
    com.brouken.player.CustomStyledPlayerView f$0 -> c
com.brouken.player.-$$Lambda$PlayerActivity$3_k0ufdQfPKy1D-umeIFbVcw2OM -> com.brouken.player.b:
    com.brouken.player.PlayerActivity f$0 -> c
    java.lang.String f$1 -> d
com.brouken.player.-$$Lambda$PlayerActivity$3r73GjvOZgKgJR_OkZwURHptMdU -> com.brouken.player.c:
    com.brouken.player.PlayerActivity f$0 -> a
com.brouken.player.-$$Lambda$PlayerActivity$6PwG7QJnK50G2u-_kjy5bvghbiY -> com.brouken.player.d:
    com.brouken.player.-$$Lambda$PlayerActivity$6PwG7QJnK50G2u-_kjy5bvghbiY INSTANCE -> c
com.brouken.player.-$$Lambda$PlayerActivity$7Y1imFx15G_Blk5fdJg_aBmRoU8 -> com.brouken.player.e:
    com.brouken.player.PlayerActivity f$0 -> c
com.brouken.player.-$$Lambda$PlayerActivity$ImMaQAZCi2dqPUW9aAbYMZHKomg -> com.brouken.player.f:
    com.brouken.player.PlayerActivity f$0 -> c
com.brouken.player.-$$Lambda$PlayerActivity$InHHSSSNywvJ8AvxzkD3jJp30xA -> com.brouken.player.g:
    com.brouken.player.PlayerActivity f$0 -> c
com.brouken.player.-$$Lambda$PlayerActivity$Vw5urLBLhxWn7zmLrStH1K7GLOg -> com.brouken.player.h:
    com.brouken.player.PlayerActivity f$0 -> c
com.brouken.player.-$$Lambda$PlayerActivity$XcRwE6q1v_DgzYqTi8zupV6FAJo -> com.brouken.player.i:
    com.brouken.player.PlayerActivity f$0 -> c
com.brouken.player.-$$Lambda$PlayerActivity$yQRXOIktiY0Z9KdCxABTXCSAU2A -> com.brouken.player.j:
    com.brouken.player.-$$Lambda$PlayerActivity$yQRXOIktiY0Z9KdCxABTXCSAU2A INSTANCE -> a
com.brouken.player.BrightnessControl -> com.brouken.player.k:
    android.app.Activity activity -> a
    int currentBrightnessLevel -> b
    void changeBrightness(boolean) -> a
    float levelToBrightness(int) -> b
    void setScreenBrightness(float) -> c
com.brouken.player.CustomStyledPlayerView -> com.brouken.player.CustomStyledPlayerView:
    android.widget.TextView exoErrorMessage -> N
    com.brouken.player.CustomStyledPlayerView$Orientation gestureOrientation -> E
    float SCROLL_STEP -> J
    float IGNORE_BORDER -> I
    float gestureScrollX -> G
    float gestureScrollY -> F
    boolean restorePlayState -> K
    java.lang.Runnable textClearRunnable -> L
    androidx.core.view.GestureDetectorCompat mDetector -> D
    boolean handleTouch -> H
    android.media.AudioManager mAudioManager -> M
    void clearIcon() -> Q
    void lambda$new$0() -> R
    void lambda$new$0$CustomStyledPlayerView() -> S
    void setIconVolume() -> T
com.brouken.player.CustomStyledPlayerView$Orientation -> com.brouken.player.CustomStyledPlayerView$a:
    com.brouken.player.CustomStyledPlayerView$Orientation HORIZONTAL -> c
    com.brouken.player.CustomStyledPlayerView$Orientation VERTICAL -> d
    com.brouken.player.CustomStyledPlayerView$Orientation UNKNOWN -> e
    com.brouken.player.CustomStyledPlayerView$Orientation[] $VALUES -> f
...
androidx.coordinatorlayout.widget.DirectedAcyclicGraph -> androidx.coordinatorlayout.widget.a:
    androidx.collection.SimpleArrayMap mGraph -> b
    java.util.HashSet mSortTmpMarked -> d
    androidx.core.util.Pools$Pool mListPool -> a
    java.util.ArrayList mSortResult -> c
    void addEdge(java.lang.Object,java.lang.Object) -> a
    void addNode(java.lang.Object) -> b
    void clear() -> c
    boolean contains(java.lang.Object) -> d
    void dfs(java.lang.Object,java.util.ArrayList,java.util.HashSet) -> e
    java.util.ArrayList getEmptyList() -> f
    java.util.List getIncomingEdges(java.lang.Object) -> g
    java.util.List getOutgoingEdges(java.lang.Object) -> h
    java.util.ArrayList getSortedList() -> i
    boolean hasOutgoingEdges(java.lang.Object) -> j
    void poolList(java.util.ArrayList) -> k
androidx.coordinatorlayout.widget.ViewGroupUtils -> androidx.coordinatorlayout.widget.b:
    java.lang.ThreadLocal sMatrix -> a
    java.lang.ThreadLocal sRectF -> b
    void getDescendantRect(android.view.ViewGroup,android.view.View,android.graphics.Rect) -> a
    void offsetDescendantMatrix(android.view.ViewParent,android.view.View,android.graphics.Matrix) -> b
    void offsetDescendantRect(android.view.ViewGroup,android.view.View,android.graphics.Rect) -> c
androidx.core.R$attr -> b.f.a:
    int alpha -> a
androidx.core.R$id -> b.f.b:
    int tag_unhandled_key_event_manager -> h
    int tag_unhandled_key_listeners -> i
    int tag_screen_reader_focusable -> f
    int tag_transition_group -> g
    int tag_accessibility_heading -> d
    int tag_accessibility_pane_title -> e
    int tag_accessibility_actions -> b
    int tag_accessibility_clickable_spans -> c
    int accessibility_action_clickable_span -> a
androidx.core.R$styleable -> b.f.c:
    int FontFamilyFont_android_fontWeight -> n
    int[] GradientColor -> w
    int FontFamily_fontProviderPackage -> j
    int GradientColorItem_android_color -> K
    int FontFamily_fontProviderFetchStrategy -> h
    int GradientColor_android_endY -> I
    int FontFamily_fontProviderAuthority -> f
    int GradientColor_android_startY -> G
    int ColorStateListItem_alpha -> d
    int GradientColor_android_centerColor -> E
    int ColorStateListItem_android_color -> b
    int GradientColor_android_gradientRadius -> C
    int GradientColor_android_centerX -> A
    int GradientColor_android_endColor -> y
    int FontFamilyFont_fontWeight -> u
    int FontFamilyFont_fontStyle -> s
    int[] FontFamilyFont -> l
    int FontFamilyFont_android_fontVariationSettings -> q
    int FontFamilyFont_android_fontStyle -> o
    int GradientColorItem_android_offset -> L
    int FontFamilyFont_android_font -> m
    int FontFamily_fontProviderQuery -> k
    int GradientColor_android_endX -> H
    int FontFamily_fontProviderFetchTimeout -> i
    int GradientColor_android_startX -> F
    int FontFamily_fontProviderCerts -> g
    int GradientColor_android_tileMode -> D
    int[] ColorStateListItem -> a
    int GradientColor_android_centerY -> B
    int ColorStateListItem_android_alpha -> c
    int GradientColor_android_type -> z
    int GradientColor_android_startColor -> x
    int[] FontFamily -> e
    int FontFamilyFont_ttcIndex -> v
androidx.core.app.ActivityCompat -> androidx.core.app.a:
    androidx.core.app.ActivityCompat$PermissionCompatDelegate sDelegate -> c
    void finishAffinity(android.app.Activity) -> e
    androidx.core.app.ActivityCompat$PermissionCompatDelegate getPermissionCompatDelegate() -> f
    void recreate(android.app.Activity) -> g
androidx.core.app.ActivityCompat$PermissionCompatDelegate -> androidx.core.app.a$a:
    boolean onActivityResult(android.app.Activity,int,int,android.content.Intent) -> a