app/build/outputs/mapping/release/usage.txt
com.brouken.player.R$color
com.brouken.player.R$dimen
com.brouken.player.R$array
com.brouken.player.R$style
com.brouken.player.CustomStyledPlayerView:
    public void <init>(android.content.Context)
    public static final int MESSAGE_TIMEOUT_TOUCH
    public static final int MESSAGE_TIMEOUT_KEY
com.brouken.player.Prefs:
    private static final java.lang.String PREF_KEY_MEDIA_URI
    private static final java.lang.String PREF_KEY_MEDIA_TYPE
    private static final java.lang.String PREF_KEY_BRIGHTNESS
    private static final java.lang.String PREF_KEY_FIRST_RUN
    private static final java.lang.String PREF_KEY_SUBTITLE_URI
    private static final java.lang.String PREF_KEY_AUDIO_TRACK
    private static final java.lang.String PREF_KEY_SUBTITLE_TRACK
    private static final java.lang.String PREF_KEY_RESIZE_MODE
    private static final java.lang.String PREF_KEY_ORIENTATION
com.brouken.player.R$font
com.brouken.player.BrightnessControl:
    public float getScreenBrightness()
com.brouken.player.R$animator
com.brouken.player.R$interpolator
com.brouken.player.R$anim
com.brouken.player.R$xml
com.brouken.player.R$drawable
com.brouken.player.BuildConfig
com.brouken.player.R$plurals
com.brouken.player.R$string
com.brouken.player.R
com.brouken.player.R$layout
com.brouken.player.Utils:
    void <init>()
com.brouken.player.R$mipmap
com.brouken.player.PlayerActivity:
    private static final int REQUEST_CHOOSER_VIDEO
    private static final int REQUEST_CHOOSER_SUBTITLE
    public static final int CONTROLLER_TIMEOUT
    private static final java.lang.String ACTION_MEDIA_CONTROL
    private static final java.lang.String EXTRA_CONTROL_TYPE
    private static final int REQUEST_PLAY
    private static final int REQUEST_PAUSE
    private static final int CONTROL_TYPE_PLAY
    private static final int CONTROL_TYPE_PAUSE
com.brouken.player.R$attr
com.brouken.player.R$bool
com.brouken.player.R$integer
com.brouken.player.R$styleable
com.brouken.player.R$id
com.brouken.player.PlayerActivity$2:
    final synthetic com.brouken.player.PlayerActivity this$0
com.brouken.player.CustomStyledPlayerView:
    private final long SEEK_STEP
...
com.ibm.icu.text.RelativeDateTimeFormatter$RelativeUnit
com.google.android.exoplayer2.upstream.FileDataSourceFactory
com.google.android.exoplayer2.core.BuildConfig
com.ibm.icu.util.Calendar
com.ibm.icu.impl.units.UnitConverter$Factor
androidx.media.MediaSessionManagerImplApi28
androidx.vectordrawable.graphics.drawable.AnimatedVectorDrawableCompat:
    public static androidx.vectordrawable.graphics.drawable.AnimatedVectorDrawableCompat create(android.content.Context,int)
    private static boolean unregisterPlatformCallback(android.graphics.drawable.AnimatedVectorDrawable,androidx.vectordrawable.graphics.drawable.Animatable2Compat$AnimationCallback)
    private static void registerPlatformCallback(android.graphics.drawable.AnimatedVectorDrawable,androidx.vectordrawable.graphics.drawable.Animatable2Compat$AnimationCallback)
    private void removeAnimatorSetListener()
    public static void registerAnimationCallback(android.graphics.drawable.Drawable,androidx.vectordrawable.graphics.drawable.Animatable2Compat$AnimationCallback)
    public static boolean unregisterAnimationCallback(android.graphics.drawable.Drawable,androidx.vectordrawable.graphics.drawable.Animatable2Compat$AnimationCallback)
    public static void clearAnimationCallbacks(android.graphics.drawable.Drawable)
    public void registerAnimationCallback(androidx.vectordrawable.graphics.drawable.Animatable2Compat$AnimationCallback)
    public boolean unregisterAnimationCallback(androidx.vectordrawable.graphics.drawable.Animatable2Compat$AnimationCallback)
    public void clearAnimationCallbacks()
    androidx.vectordrawable.graphics.drawable.AnimatedVectorDrawableCompat$AnimatedVectorDrawableDelegateState mCachedConstantStateDelegate
    private static final java.lang.String LOGTAG
com.ibm.icu.impl.number.range.PrefixInfixSuffixLengthHelper
com.ibm.icu.impl.UCharacterProperty$23
com.google.common.collect.Multisets$4
com.ibm.icu.impl.duration.PeriodFormatter
com.google.common.collect.ImmutableSortedMultiset$SerializedForm
com.google.android.exoplayer2.upstream.cache.DefaultContentMetadata
com.google.common.cache.CacheStats
com.google.common.cache.LocalCache$WriteQueue$2
com.google.common.eventbus.Subscriber
com.google.android.material.resources.MaterialAttributes:
    public void <init>()
    public static boolean resolveBooleanOrThrow(android.content.Context,int,java.lang.String)
    public static int resolveMinimumAccessibleTouchTarget(android.content.Context)
    public static int resolveDimension(android.content.Context,int,int)
com.google.android.exoplayer2.source.SampleQueue:
    public final void sourceId(int)
    public final void splice()
    public final void discardUpstreamSamples(int)
    public final void discardUpstreamFrom(long)
    public final int getFirstIndex()
    public final synchronized int peekSourceId()
    public final synchronized long getFirstTimestampUs()
    public final synchronized boolean seekTo(int)
    public final void discardToRead()
    public final void setSampleOffsetUs(long)
    protected final void invalidateUpstreamFormatAdjustment()
    public synchronized long discardSampleMetadataToRead()
    static final int SAMPLE_CAPACITY_INCREMENT
    private static final java.lang.String TAG
com.ibm.icu.impl.LocaleIDParser$1
com.google.common.collect.Synchronized$SynchronizedRandomAccessList
com.ibm.icu.impl.coll.CollationDataBuilder$CEModifier
com.ibm.icu.impl.TZDBTimeZoneNames$TZDBNameInfo
com.google.android.exoplayer2.scheduler.RequirementsWatcher$NetworkCallback
androidx.recyclerview.widget.MessageThreadUtil$2$1
com.ibm.icu.impl.TimeZoneAdapter
com.ibm.icu.text.UnescapeTransliterator$2
androidx.appcompat.app.ToolbarActionBar$MenuBuilderCallback
com.ibm.icu.impl.IterableComparator
com.google.android.exoplayer2.extractor.ts.H264Reader:
    private static final int NAL_UNIT_TYPE_SEI
    private static final int NAL_UNIT_TYPE_SPS
    private static final int NAL_UNIT_TYPE_PPS
com.google.android.material.datepicker.RangeDateSelector$1